[zzzscore.com/color/img/share.png]
[backblue.gif]
[fade.gif]
[index.html]
[zzzscore.com/color/img/ico.png]
[pagead2.googlesyndication.com/pagead/js/f.txt]
[zzzscore.com/js/libs2.js]
[zzzscore.com/color/js/app.799eff5b.js]
[zzzscore.com/1to50/img/ico.png]
[zzzscore.com/color2/img/ico.png]
[zzzscore.com/dung/img/ico.png]
[zzzscore.com/memory/img/ico.png]
[zzzscore.com/fillcells/img/ico.png]
[zzzscore.com/dontap/img/ico.png]
[connect.facebook.net/en_US/sdk.js]
[www.google-analytics.com/analytics.js]
[zzzscore.com/color/en/index.html]
[zzzscore.com/color/img/check.png]
[zzzscore.com/color/css/app.85329e34.css]
[connect.facebook.net/en_US/sdk.js]
